# JRE version: OpenJDK Runtime Environment (8.0_76-b03) (build 1.8.0_76-release-b03)
# Java VM: OpenJDK 64-Bit Server VM (25.76-b03 mixed mode windows-amd64 compressed oops)
Heap:
 PSYoungGen      total 295424K, used 79024K [0x00000000e0000000, 0x00000000f6a00000, 0x0000000100000000)
  eden space 260096K, 19% used [0x00000000e0000000,0x00000000e317b270,0x00000000efe00000)
  from space 35328K, 80% used [0x00000000efe00000,0x00000000f19b0dd8,0x00000000f2080000)
  to   space 36352K, 0% used [0x00000000f2080000,0x00000000f2080000,0x00000000f4400000)
 ParOldGen       total 102912K, used 42124K [0x00000000a0000000, 0x00000000a6480000, 0x00000000e0000000)
  object space 102912K, 40% used [0x00000000a0000000,0x00000000a2923128,0x00000000a6480000)
 Metaspace       used 69533K, capacity 71542K, committed 71680K, reserved 1112064K
  class space    used 8702K, capacity 9129K, committed 9216K, reserved 1048576K
GC Heap History (10 events):
Event: 793.371 GC heap before
{Heap before GC invocations=23 (full 5):
 PSYoungGen      total 242688K, used 4384K [0x00000000e0000000, 0x00000000f1480000, 0x0000000100000000)
  eden space 202240K, 0% used [0x00000000e0000000,0x00000000e0000000,0x00000000ec580000)
  from space 40448K, 10% used [0x00000000eed00000,0x00000000ef148000,0x00000000f1480000)
  to   space 40448K, 0% used [0x00000000ec580000,0x00000000ec580000,0x00000000eed00000)
 ParOldGen       total 102912K, used 44648K [0x00000000a0000000, 0x00000000a6480000, 0x00000000e0000000)
  object space 102912K, 43% used [0x00000000a0000000,0x00000000a2b9a290,0x00000000a6480000)
 Metaspace       used 65374K, capacity 67130K, committed 67328K, reserved 1107968K
  class space    used 8280K, capacity 8675K, committed 8704K, reserved 1048576K
Event: 795.029 GC heap after
Heap after GC invocations=23 (full 5):
 PSYoungGen      total 242688K, used 0K [0x00000000e0000000, 0x00000000f1480000, 0x0000000100000000)
  eden space 202240K, 0% used [0x00000000e0000000,0x00000000e0000000,0x00000000ec580000)
  from space 40448K, 0% used [0x00000000eed00000,0x00000000eed00000,0x00000000f1480000)
  to   space 40448K, 0% used [0x00000000ec580000,0x00000000ec580000,0x00000000eed00000)
 ParOldGen       total 102912K, used 42092K [0x00000000a0000000, 0x00000000a6480000, 0x00000000e0000000)
  object space 102912K, 40% used [0x00000000a0000000,0x00000000a291b128,0x00000000a6480000)
 Metaspace       used 65374K, capacity 67130K, committed 67328K, reserved 1107968K
  class space    used 8280K, capacity 8675K, committed 8704K, reserved 1048576K
}
Event: 886.638 GC heap before
{Heap before GC invocations=24 (full 5):
 PSYoungGen      total 242688K, used 202240K [0x00000000e0000000, 0x00000000f1480000, 0x0000000100000000)
  eden space 202240K, 100% used [0x00000000e0000000,0x00000000ec580000,0x00000000ec580000)
  from space 40448K, 0% used [0x00000000eed00000,0x00000000eed00000,0x00000000f1480000)
  to   space 40448K, 0% used [0x00000000ec580000,0x00000000ec580000,0x00000000eed00000)
 ParOldGen       total 102912K, used 42092K [0x00000000a0000000, 0x00000000a6480000, 0x00000000e0000000)
  object space 102912K, 40% used [0x00000000a0000000,0x00000000a291b128,0x00000000a6480000)
 Metaspace       used 67197K, capacity 69020K, committed 69376K, reserved 1110016K
  class space    used 8428K, capacity 8846K, committed 8960K, reserved 1048576K
Event: 887.047 GC heap after
Heap after GC invocations=24 (full 5):
 PSYoungGen      total 242688K, used 20843K [0x00000000e0000000, 0x00000000f3100000, 0x0000000100000000)
  eden space 202240K, 0% used [0x00000000e0000000,0x00000000e0000000,0x00000000ec580000)
  from space 40448K, 51% used [0x00000000ec580000,0x00000000ed9daf60,0x00000000eed00000)
  to   space 39936K, 0% used [0x00000000f0a00000,0x00000000f0a00000,0x00000000f3100000)
 ParOldGen       total 102912K, used 42100K [0x00000000a0000000, 0x00000000a6480000, 0x00000000e0000000)
  object space 102912K, 40% used [0x00000000a0000000,0x00000000a291d128,0x00000000a6480000)
 Metaspace       used 67197K, capacity 69020K, committed 69376K, reserved 1110016K
  class space    used 8428K, capacity 8846K, committed 8960K, reserved 1048576K
}
Event: 958.917 GC heap before
{Heap before GC invocations=25 (full 5):
 PSYoungGen      total 242688K, used 223083K [0x00000000e0000000, 0x00000000f3100000, 0x0000000100000000)
  eden space 202240K, 100% used [0x00000000e0000000,0x00000000ec580000,0x00000000ec580000)
  from space 40448K, 51% used [0x00000000ec580000,0x00000000ed9daf60,0x00000000eed00000)
  to   space 39936K, 0% used [0x00000000f0a00000,0x00000000f0a00000,0x00000000f3100000)
 ParOldGen       total 102912K, used 42100K [0x00000000a0000000, 0x00000000a6480000, 0x00000000e0000000)
  object space 102912K, 40% used [0x00000000a0000000,0x00000000a291d128,0x00000000a6480000)
 Metaspace       used 68398K, capacity 70304K, committed 70528K, reserved 1110016K
  class space    used 8555K, capacity 8972K, committed 9088K, reserved 1048576K
Event: 959.169 GC heap after
Heap after GC invocations=25 (full 5):
 PSYoungGen      total 262144K, used 15914K [0x00000000e0000000, 0x00000000f2980000, 0x0000000100000000)
  eden space 229888K, 0% used [0x00000000e0000000,0x00000000e0000000,0x00000000ee080000)
  from space 32256K, 49% used [0x00000000f0a00000,0x00000000f198a838,0x00000000f2980000)
  to   space 37376K, 0% used [0x00000000ee080000,0x00000000ee080000,0x00000000f0500000)
 ParOldGen       total 102912K, used 42108K [0x00000000a0000000, 0x00000000a6480000, 0x00000000e0000000)
  object space 102912K, 40% used [0x00000000a0000000,0x00000000a291f128,0x00000000a6480000)
 Metaspace       used 68398K, capacity 70304K, committed 70528K, reserved 1110016K
  class space    used 8555K, capacity 8972K, committed 9088K, reserved 1048576K
}
Event: 969.016 GC heap before
{Heap before GC invocations=26 (full 5):
 PSYoungGen      total 262144K, used 244955K [0x00000000e0000000, 0x00000000f2980000, 0x0000000100000000)
  eden space 229888K, 99% used [0x00000000e0000000,0x00000000edfac3f0,0x00000000ee080000)
  from space 32256K, 49% used [0x00000000f0a00000,0x00000000f198a838,0x00000000f2980000)
  to   space 37376K, 0% used [0x00000000ee080000,0x00000000ee080000,0x00000000f0500000)
 ParOldGen       total 102912K, used 42108K [0x00000000a0000000, 0x00000000a6480000, 0x00000000e0000000)
  object space 102912K, 40% used [0x00000000a0000000,0x00000000a291f128,0x00000000a6480000)
 Metaspace       used 68611K, capacity 70596K, committed 70784K, reserved 1112064K
  class space    used 8576K, capacity 8990K, committed 9088K, reserved 1048576K
Event: 969.056 GC heap after
Heap after GC invocations=26 (full 5):
 PSYoungGen      total 267264K, used 10980K [0x00000000e0000000, 0x00000000f4400000, 0x0000000100000000)
  eden space 229888K, 0% used [0x00000000e0000000,0x00000000e0000000,0x00000000ee080000)
  from space 37376K, 29% used [0x00000000ee080000,0x00000000eeb39130,0x00000000f0500000)
  to   space 36352K, 0% used [0x00000000f2080000,0x00000000f2080000,0x00000000f4400000)
 ParOldGen       total 102912K, used 42116K [0x00000000a0000000, 0x00000000a6480000, 0x00000000e0000000)
  object space 102912K, 40% used [0x00000000a0000000,0x00000000a2921128,0x00000000a6480000)
 Metaspace       used 68611K, capacity 70596K, committed 70784K, reserved 1112064K
  class space    used 8576K, capacity 8990K, committed 9088K, reserved 1048576K
}
Event: 969.175 GC heap before
{Heap before GC invocations=27 (full 5):
 PSYoungGen      total 267264K, used 240067K [0x00000000e0000000, 0x00000000f4400000, 0x0000000100000000)
  eden space 229888K, 99% used [0x00000000e0000000,0x00000000edfb7d48,0x00000000ee080000)
  from space 37376K, 29% used [0x00000000ee080000,0x00000000eeb39130,0x00000000f0500000)
  to   space 36352K, 0% used [0x00000000f2080000,0x00000000f2080000,0x00000000f4400000)
 ParOldGen       total 102912K, used 42116K [0x00000000a0000000, 0x00000000a6480000, 0x00000000e0000000)
  object space 102912K, 40% used [0x00000000a0000000,0x00000000a2921128,0x00000000a6480000)
 Metaspace       used 68618K, capacity 70596K, committed 70784K, reserved 1112064K
  class space    used 8576K, capacity 8990K, committed 9088K, reserved 1048576K
Event: 969.196 GC heap after
Heap after GC invocations=27 (full 5):
 PSYoungGen      total 296448K, used 8745K [0x00000000e0000000, 0x00000000f6a00000, 0x0000000100000000)
  eden space 260096K, 0% used [0x00000000e0000000,0x00000000e0000000,0x00000000efe00000)
  from space 36352K, 24% used [0x00000000f2080000,0x00000000f290a528,0x00000000f4400000)
  to   space 35328K, 0% used [0x00000000efe00000,0x00000000efe00000,0x00000000f2080000)
 ParOldGen       total 102912K, used 42116K [0x00000000a0000000, 0x00000000a6480000, 0x00000000e0000000)
  object space 102912K, 40% used [0x00000000a0000000,0x00000000a2921128,0x00000000a6480000)
 Metaspace       used 68618K, capacity 70596K, committed 70784K, reserved 1112064K
  class space    used 8576K, capacity 8990K, committed 9088K, reserved 1048576K
}

