# JRE version: OpenJDK Runtime Environment (8.0_76-b03) (build 1.8.0_76-release-b03)
# Java VM: OpenJDK 64-Bit Server VM (25.76-b03 mixed mode windows-amd64 compressed oops)
Heap:
 PSYoungGen      total 302592K, used 77356K [0x00000000e0000000, 0x00000000f4500000, 0x0000000100000000)
  eden space 281600K, 27% used [0x00000000e0000000,0x00000000e4b83320,0x00000000f1300000)
  from space 20992K, 0% used [0x00000000f1300000,0x00000000f1308000,0x00000000f2780000)
  to   space 17408K, 0% used [0x00000000f2780000,0x00000000f2780000,0x00000000f3880000)
 ParOldGen       total 89088K, used 58985K [0x00000000a0000000, 0x00000000a5700000, 0x00000000e0000000)
  object space 89088K, 66% used [0x00000000a0000000,0x00000000a399a518,0x00000000a5700000)
 Metaspace       used 61578K, capacity 63360K, committed 63640K, reserved 1103872K
  class space    used 7933K, capacity 8334K, committed 8368K, reserved 1048576K
GC Heap History (10 events):
Event: 228.842 GC heap before
{Heap before GC invocations=16 (full 2):
 PSYoungGen      total 189952K, used 186407K [0x00000000e0000000, 0x00000000f0680000, 0x0000000100000000)
  eden space 173056K, 100% used [0x00000000e0000000,0x00000000ea900000,0x00000000ea900000)
  from space 16896K, 79% used [0x00000000ea900000,0x00000000eb609c58,0x00000000eb980000)
  to   space 17920K, 0% used [0x00000000ef500000,0x00000000ef500000,0x00000000f0680000)
 ParOldGen       total 49152K, used 33133K [0x00000000a0000000, 0x00000000a3000000, 0x00000000e0000000)
  object space 49152K, 67% used [0x00000000a0000000,0x00000000a205b4a0,0x00000000a3000000)
 Metaspace       used 52290K, capacity 53740K, committed 53928K, reserved 1095680K
  class space    used 6849K, capacity 7224K, committed 7344K, reserved 1048576K
Event: 228.882 GC heap after
Heap after GC invocations=16 (full 2):
 PSYoungGen      total 236544K, used 4512K [0x00000000e0000000, 0x00000000eff80000, 0x0000000100000000)
  eden space 225792K, 0% used [0x00000000e0000000,0x00000000e0000000,0x00000000edc80000)
  from space 10752K, 41% used [0x00000000ef500000,0x00000000ef968020,0x00000000eff80000)
  to   space 17920K, 0% used [0x00000000edc80000,0x00000000edc80000,0x00000000eee00000)
 ParOldGen       total 49152K, used 38282K [0x00000000a0000000, 0x00000000a3000000, 0x00000000e0000000)
  object space 49152K, 77% used [0x00000000a0000000,0x00000000a25629d0,0x00000000a3000000)
 Metaspace       used 52290K, capacity 53740K, committed 53928K, reserved 1095680K
  class space    used 6849K, capacity 7224K, committed 7344K, reserved 1048576K
}
Event: 290.743 GC heap before
{Heap before GC invocations=17 (full 2):
 PSYoungGen      total 236544K, used 119825K [0x00000000e0000000, 0x00000000eff80000, 0x0000000100000000)
  eden space 225792K, 51% used [0x00000000e0000000,0x00000000e709c638,0x00000000edc80000)
  from space 10752K, 41% used [0x00000000ef500000,0x00000000ef968020,0x00000000eff80000)
  to   space 17920K, 0% used [0x00000000edc80000,0x00000000edc80000,0x00000000eee00000)
 ParOldGen       total 49152K, used 38282K [0x00000000a0000000, 0x00000000a3000000, 0x00000000e0000000)
  object space 49152K, 77% used [0x00000000a0000000,0x00000000a25629d0,0x00000000a3000000)
 Metaspace       used 57444K, capacity 58976K, committed 59160K, reserved 1099776K
  class space    used 7528K, capacity 7902K, committed 7984K, reserved 1048576K
Event: 290.762 GC heap after
Heap after GC invocations=17 (full 2):
 PSYoungGen      total 243712K, used 3716K [0x00000000e0000000, 0x00000000f3880000, 0x0000000100000000)
  eden space 225792K, 0% used [0x00000000e0000000,0x00000000e0000000,0x00000000edc80000)
  from space 17920K, 20% used [0x00000000edc80000,0x00000000ee0212f8,0x00000000eee00000)
  to   space 17408K, 0% used [0x00000000f2780000,0x00000000f2780000,0x00000000f3880000)
 ParOldGen       total 49152K, used 41328K [0x00000000a0000000, 0x00000000a3000000, 0x00000000e0000000)
  object space 49152K, 84% used [0x00000000a0000000,0x00000000a285c2a0,0x00000000a3000000)
 Metaspace       used 57444K, capacity 58976K, committed 59160K, reserved 1099776K
  class space    used 7528K, capacity 7902K, committed 7984K, reserved 1048576K
}
Event: 290.762 GC heap before
{Heap before GC invocations=18 (full 3):
 PSYoungGen      total 243712K, used 3716K [0x00000000e0000000, 0x00000000f3880000, 0x0000000100000000)
  eden space 225792K, 0% used [0x00000000e0000000,0x00000000e0000000,0x00000000edc80000)
  from space 17920K, 20% used [0x00000000edc80000,0x00000000ee0212f8,0x00000000eee00000)
  to   space 17408K, 0% used [0x00000000f2780000,0x00000000f2780000,0x00000000f3880000)
 ParOldGen       total 49152K, used 41328K [0x00000000a0000000, 0x00000000a3000000, 0x00000000e0000000)
  object space 49152K, 84% used [0x00000000a0000000,0x00000000a285c2a0,0x00000000a3000000)
 Metaspace       used 57444K, capacity 58976K, committed 59160K, reserved 1099776K
  class space    used 7528K, capacity 7902K, committed 7984K, reserved 1048576K
Event: 291.466 GC heap after
Heap after GC invocations=18 (full 3):
 PSYoungGen      total 243712K, used 0K [0x00000000e0000000, 0x00000000f3880000, 0x0000000100000000)
  eden space 225792K, 0% used [0x00000000e0000000,0x00000000e0000000,0x00000000edc80000)
  from space 17920K, 0% used [0x00000000edc80000,0x00000000edc80000,0x00000000eee00000)
  to   space 17408K, 0% used [0x00000000f2780000,0x00000000f2780000,0x00000000f3880000)
 ParOldGen       total 89088K, used 40208K [0x00000000a0000000, 0x00000000a5700000, 0x00000000e0000000)
  object space 89088K, 45% used [0x00000000a0000000,0x00000000a27443f0,0x00000000a5700000)
 Metaspace       used 57442K, capacity 58970K, committed 59160K, reserved 1099776K
  class space    used 7527K, capacity 7901K, committed 7984K, reserved 1048576K
}
Event: 319.540 GC heap before
{Heap before GC invocations=19 (full 3):
 PSYoungGen      total 243712K, used 225727K [0x00000000e0000000, 0x00000000f3880000, 0x0000000100000000)
  eden space 225792K, 99% used [0x00000000e0000000,0x00000000edc6fd28,0x00000000edc80000)
  from space 17920K, 0% used [0x00000000edc80000,0x00000000edc80000,0x00000000eee00000)
  to   space 17408K, 0% used [0x00000000f2780000,0x00000000f2780000,0x00000000f3880000)
 ParOldGen       total 89088K, used 40208K [0x00000000a0000000, 0x00000000a5700000, 0x00000000e0000000)
  object space 89088K, 45% used [0x00000000a0000000,0x00000000a27443f0,0x00000000a5700000)
 Metaspace       used 60329K, capacity 62016K, committed 62232K, reserved 1103872K
  class space    used 7791K, capacity 8178K, committed 8240K, reserved 1048576K
Event: 319.684 GC heap after
Heap after GC invocations=19 (full 3):
 PSYoungGen      total 299008K, used 17381K [0x00000000e0000000, 0x00000000f4500000, 0x0000000100000000)
  eden space 281600K, 0% used [0x00000000e0000000,0x00000000e0000000,0x00000000f1300000)
  from space 17408K, 99% used [0x00000000f2780000,0x00000000f3879710,0x00000000f3880000)
  to   space 20992K, 0% used [0x00000000f1300000,0x00000000f1300000,0x00000000f2780000)
 ParOldGen       total 89088K, used 43077K [0x00000000a0000000, 0x00000000a5700000, 0x00000000e0000000)
  object space 89088K, 48% used [0x00000000a0000000,0x00000000a2a117d0,0x00000000a5700000)
 Metaspace       used 60329K, capacity 62016K, committed 62232K, reserved 1103872K
  class space    used 7791K, capacity 8178K, committed 8240K, reserved 1048576K
}
Event: 320.800 GC heap before
{Heap before GC invocations=20 (full 3):
 PSYoungGen      total 299008K, used 298977K [0x00000000e0000000, 0x00000000f4500000, 0x0000000100000000)
  eden space 281600K, 99% used [0x00000000e0000000,0x00000000f12ff030,0x00000000f1300000)
  from space 17408K, 99% used [0x00000000f2780000,0x00000000f3879710,0x00000000f3880000)
  to   space 20992K, 0% used [0x00000000f1300000,0x00000000f1300000,0x00000000f2780000)
 ParOldGen       total 89088K, used 43077K [0x00000000a0000000, 0x00000000a5700000, 0x00000000e0000000)
  object space 89088K, 48% used [0x00000000a0000000,0x00000000a2a117d0,0x00000000a5700000)
 Metaspace       used 60339K, capacity 62016K, committed 62232K, reserved 1103872K
  class space    used 7791K, capacity 8178K, committed 8240K, reserved 1048576K
Event: 320.846 GC heap after
Heap after GC invocations=20 (full 3):
 PSYoungGen      total 302592K, used 32K [0x00000000e0000000, 0x00000000f4500000, 0x0000000100000000)
  eden space 281600K, 0% used [0x00000000e0000000,0x00000000e0000000,0x00000000f1300000)
  from space 20992K, 0% used [0x00000000f1300000,0x00000000f1308000,0x00000000f2780000)
  to   space 17408K, 0% used [0x00000000f2780000,0x00000000f2780000,0x00000000f3880000)
 ParOldGen       total 89088K, used 58985K [0x00000000a0000000, 0x00000000a5700000, 0x00000000e0000000)
  object space 89088K, 66% used [0x00000000a0000000,0x00000000a399a518,0x00000000a5700000)
 Metaspace       used 60339K, capacity 62016K, committed 62232K, reserved 1103872K
  class space    used 7791K, capacity 8178K, committed 8240K, reserved 1048576K
}

