# JRE version: OpenJDK Runtime Environment (8.0_76-b03) (build 1.8.0_76-release-b03)
# Java VM: OpenJDK 64-Bit Server VM (25.76-b03 mixed mode windows-amd64 compressed oops)
Heap:
 PSYoungGen      total 107520K, used 46792K [0x00000000e0000000, 0x00000000e8d00000, 0x0000000100000000)
  eden space 87552K, 30% used [0x00000000e0000000,0x00000000e1a39528,0x00000000e5580000)
  from space 19968K, 99% used [0x00000000e6e80000,0x00000000e81f8bc0,0x00000000e8200000)
  to   space 25600K, 0% used [0x00000000e5580000,0x00000000e5580000,0x00000000e6e80000)
 ParOldGen       total 48128K, used 34138K [0x00000000a0000000, 0x00000000a2f00000, 0x00000000e0000000)
  object space 48128K, 70% used [0x00000000a0000000,0x00000000a21569d8,0x00000000a2f00000)
 Metaspace       used 52264K, capacity 53656K, committed 53800K, reserved 1095680K
  class space    used 6843K, capacity 7195K, committed 7216K, reserved 1048576K
GC Heap History (10 events):
Event: 91.769 GC heap before
{Heap before GC invocations=24 (full 2):
 PSYoungGen      total 65536K, used 65360K [0x00000000e0000000, 0x00000000e5b00000, 0x0000000100000000)
  eden space 55808K, 100% used [0x00000000e0000000,0x00000000e3680000,0x00000000e3680000)
  from space 9728K, 98% used [0x00000000e3680000,0x00000000e3fd4098,0x00000000e4000000)
  to   space 11264K, 0% used [0x00000000e5000000,0x00000000e5000000,0x00000000e5b00000)
 ParOldGen       total 48128K, used 14594K [0x00000000a0000000, 0x00000000a2f00000, 0x00000000e0000000)
  object space 48128K, 30% used [0x00000000a0000000,0x00000000a0e40b30,0x00000000a2f00000)
 Metaspace       used 45292K, capacity 46440K, committed 46632K, reserved 1089536K
  class space    used 6037K, capacity 6325K, committed 6448K, reserved 1048576K
Event: 91.802 GC heap after
Heap after GC invocations=24 (full 2):
 PSYoungGen      total 80384K, used 11260K [0x00000000e0000000, 0x00000000e5c80000, 0x0000000100000000)
  eden space 69120K, 0% used [0x00000000e0000000,0x00000000e0000000,0x00000000e4380000)
  from space 11264K, 99% used [0x00000000e5000000,0x00000000e5aff0f8,0x00000000e5b00000)
  to   space 12800K, 0% used [0x00000000e4380000,0x00000000e4380000,0x00000000e5000000)
 ParOldGen       total 48128K, used 15663K [0x00000000a0000000, 0x00000000a2f00000, 0x00000000e0000000)
  object space 48128K, 32% used [0x00000000a0000000,0x00000000a0f4bc80,0x00000000a2f00000)
 Metaspace       used 45292K, capacity 46440K, committed 46632K, reserved 1089536K
  class space    used 6037K, capacity 6325K, committed 6448K, reserved 1048576K
}
Event: 132.952 GC heap before
{Heap before GC invocations=25 (full 2):
 PSYoungGen      total 80384K, used 80380K [0x00000000e0000000, 0x00000000e5c80000, 0x0000000100000000)
  eden space 69120K, 100% used [0x00000000e0000000,0x00000000e4380000,0x00000000e4380000)
  from space 11264K, 99% used [0x00000000e5000000,0x00000000e5aff0f8,0x00000000e5b00000)
  to   space 12800K, 0% used [0x00000000e4380000,0x00000000e4380000,0x00000000e5000000)
 ParOldGen       total 48128K, used 15663K [0x00000000a0000000, 0x00000000a2f00000, 0x00000000e0000000)
  object space 48128K, 32% used [0x00000000a0000000,0x00000000a0f4bc80,0x00000000a2f00000)
 Metaspace       used 49243K, capacity 50698K, committed 50984K, reserved 1093632K
  class space    used 6585K, capacity 6952K, committed 6960K, reserved 1048576K
Event: 133.001 GC heap after
Heap after GC invocations=25 (full 2):
 PSYoungGen      total 81920K, used 12784K [0x00000000e0000000, 0x00000000e7300000, 0x0000000100000000)
  eden space 69120K, 0% used [0x00000000e0000000,0x00000000e0000000,0x00000000e4380000)
  from space 12800K, 99% used [0x00000000e4380000,0x00000000e4ffc220,0x00000000e5000000)
  to   space 16896K, 0% used [0x00000000e6280000,0x00000000e6280000,0x00000000e7300000)
 ParOldGen       total 48128K, used 21630K [0x00000000a0000000, 0x00000000a2f00000, 0x00000000e0000000)
  object space 48128K, 44% used [0x00000000a0000000,0x00000000a151fb20,0x00000000a2f00000)
 Metaspace       used 49243K, capacity 50698K, committed 50984K, reserved 1093632K
  class space    used 6585K, capacity 6952K, committed 6960K, reserved 1048576K
}
Event: 154.723 GC heap before
{Heap before GC invocations=26 (full 2):
 PSYoungGen      total 81920K, used 81904K [0x00000000e0000000, 0x00000000e7300000, 0x0000000100000000)
  eden space 69120K, 100% used [0x00000000e0000000,0x00000000e4380000,0x00000000e4380000)
  from space 12800K, 99% used [0x00000000e4380000,0x00000000e4ffc220,0x00000000e5000000)
  to   space 16896K, 0% used [0x00000000e6280000,0x00000000e6280000,0x00000000e7300000)
 ParOldGen       total 48128K, used 21630K [0x00000000a0000000, 0x00000000a2f00000, 0x00000000e0000000)
  object space 48128K, 44% used [0x00000000a0000000,0x00000000a151fb20,0x00000000a2f00000)
 Metaspace       used 49652K, capacity 51048K, committed 51240K, reserved 1093632K
  class space    used 6589K, capacity 6957K, committed 6960K, reserved 1048576K
Event: 154.776 GC heap after
Heap after GC invocations=26 (full 2):
 PSYoungGen      total 98816K, used 11232K [0x00000000e0000000, 0x00000000e7280000, 0x0000000100000000)
  eden space 82432K, 0% used [0x00000000e0000000,0x00000000e0000000,0x00000000e5080000)
  from space 16384K, 68% used [0x00000000e6280000,0x00000000e6d78010,0x00000000e7280000)
  to   space 17408K, 0% used [0x00000000e5080000,0x00000000e5080000,0x00000000e6180000)
 ParOldGen       total 48128K, used 26767K [0x00000000a0000000, 0x00000000a2f00000, 0x00000000e0000000)
  object space 48128K, 55% used [0x00000000a0000000,0x00000000a1a23c98,0x00000000a2f00000)
 Metaspace       used 49652K, capacity 51048K, committed 51240K, reserved 1093632K
  class space    used 6589K, capacity 6957K, committed 6960K, reserved 1048576K
}
Event: 168.699 GC heap before
{Heap before GC invocations=27 (full 2):
 PSYoungGen      total 98816K, used 93664K [0x00000000e0000000, 0x00000000e7280000, 0x0000000100000000)
  eden space 82432K, 100% used [0x00000000e0000000,0x00000000e5080000,0x00000000e5080000)
  from space 16384K, 68% used [0x00000000e6280000,0x00000000e6d78010,0x00000000e7280000)
  to   space 17408K, 0% used [0x00000000e5080000,0x00000000e5080000,0x00000000e6180000)
 ParOldGen       total 48128K, used 26767K [0x00000000a0000000, 0x00000000a2f00000, 0x00000000e0000000)
  object space 48128K, 55% used [0x00000000a0000000,0x00000000a1a23c98,0x00000000a2f00000)
 Metaspace       used 51571K, capacity 52948K, committed 53288K, reserved 1095680K
  class space    used 6794K, capacity 7157K, committed 7216K, reserved 1048576K
Event: 168.747 GC heap after
Heap after GC invocations=27 (full 2):
 PSYoungGen      total 99840K, used 17267K [0x00000000e0000000, 0x00000000e8200000, 0x0000000100000000)
  eden space 82432K, 0% used [0x00000000e0000000,0x00000000e0000000,0x00000000e5080000)
  from space 17408K, 99% used [0x00000000e5080000,0x00000000e615cd60,0x00000000e6180000)
  to   space 19968K, 0% used [0x00000000e6e80000,0x00000000e6e80000,0x00000000e8200000)
 ParOldGen       total 48128K, used 26775K [0x00000000a0000000, 0x00000000a2f00000, 0x00000000e0000000)
  object space 48128K, 55% used [0x00000000a0000000,0x00000000a1a25c98,0x00000000a2f00000)
 Metaspace       used 51571K, capacity 52948K, committed 53288K, reserved 1095680K
  class space    used 6794K, capacity 7157K, committed 7216K, reserved 1048576K
}
Event: 187.156 GC heap before
{Heap before GC invocations=28 (full 2):
 PSYoungGen      total 99840K, used 99699K [0x00000000e0000000, 0x00000000e8200000, 0x0000000100000000)
  eden space 82432K, 100% used [0x00000000e0000000,0x00000000e5080000,0x00000000e5080000)
  from space 17408K, 99% used [0x00000000e5080000,0x00000000e615cd60,0x00000000e6180000)
  to   space 19968K, 0% used [0x00000000e6e80000,0x00000000e6e80000,0x00000000e8200000)
 ParOldGen       total 48128K, used 26775K [0x00000000a0000000, 0x00000000a2f00000, 0x00000000e0000000)
  object space 48128K, 55% used [0x00000000a0000000,0x00000000a1a25c98,0x00000000a2f00000)
 Metaspace       used 52151K, capacity 53528K, committed 53800K, reserved 1095680K
  class space    used 6841K, capacity 7195K, committed 7216K, reserved 1048576K
Event: 187.298 GC heap after
Heap after GC invocations=28 (full 2):
 PSYoungGen      total 107520K, used 19938K [0x00000000e0000000, 0x00000000e8d00000, 0x0000000100000000)
  eden space 87552K, 0% used [0x00000000e0000000,0x00000000e0000000,0x00000000e5580000)
  from space 19968K, 99% used [0x00000000e6e80000,0x00000000e81f8bc0,0x00000000e8200000)
  to   space 25600K, 0% used [0x00000000e5580000,0x00000000e5580000,0x00000000e6e80000)
 ParOldGen       total 48128K, used 34138K [0x00000000a0000000, 0x00000000a2f00000, 0x00000000e0000000)
  object space 48128K, 70% used [0x00000000a0000000,0x00000000a21569d8,0x00000000a2f00000)
 Metaspace       used 52151K, capacity 53528K, committed 53800K, reserved 1095680K
  class space    used 6841K, capacity 7195K, committed 7216K, reserved 1048576K
}

