# JRE version: OpenJDK Runtime Environment (8.0_76-b03) (build 1.8.0_76-release-b03)
# Java VM: OpenJDK 64-Bit Server VM (25.76-b03 mixed mode windows-amd64 compressed oops)
Heap:
 PSYoungGen      total 125440K, used 10974K [0x00000000e0000000, 0x00000000eb900000, 0x0000000100000000)
  eden space 115712K, 9% used [0x00000000e0000000,0x00000000e0ab7848,0x00000000e7100000)
  from space 9728K, 0% used [0x00000000e7100000,0x00000000e7100000,0x00000000e7a80000)
  to   space 11776K, 0% used [0x00000000ead80000,0x00000000ead80000,0x00000000eb900000)
 ParOldGen       total 36864K, used 18421K [0x00000000a0000000, 0x00000000a2400000, 0x00000000e0000000)
  object space 36864K, 49% used [0x00000000a0000000,0x00000000a11fd7d0,0x00000000a2400000)
 Metaspace       used 35936K, capacity 36718K, committed 37040K, reserved 1081344K
  class space    used 4796K, capacity 4980K, committed 5040K, reserved 1048576K
GC Heap History (10 events):
Event: 29.577 GC heap before
{Heap before GC invocations=7 (full 1):
 PSYoungGen      total 74240K, used 5346K [0x00000000e0000000, 0x00000000e5100000, 0x0000000100000000)
  eden space 65536K, 0% used [0x00000000e0000000,0x00000000e0000000,0x00000000e4000000)
  from space 8704K, 61% used [0x00000000e4880000,0x00000000e4db8b28,0x00000000e5100000)
  to   space 8704K, 0% used [0x00000000e4000000,0x00000000e4000000,0x00000000e4880000)
 ParOldGen       total 44032K, used 10078K [0x00000000a0000000, 0x00000000a2b00000, 0x00000000e0000000)
  object space 44032K, 22% used [0x00000000a0000000,0x00000000a09d7890,0x00000000a2b00000)
 Metaspace       used 20774K, capacity 21190K, committed 21296K, reserved 1067008K
  class space    used 2688K, capacity 2821K, committed 2864K, reserved 1048576K
Event: 29.763 GC heap after
Heap after GC invocations=7 (full 1):
 PSYoungGen      total 74240K, used 0K [0x00000000e0000000, 0x00000000e5100000, 0x0000000100000000)
  eden space 65536K, 0% used [0x00000000e0000000,0x00000000e0000000,0x00000000e4000000)
  from space 8704K, 0% used [0x00000000e4880000,0x00000000e4880000,0x00000000e5100000)
  to   space 8704K, 0% used [0x00000000e4000000,0x00000000e4000000,0x00000000e4880000)
 ParOldGen       total 36864K, used 11796K [0x00000000a0000000, 0x00000000a2400000, 0x00000000e0000000)
  object space 36864K, 32% used [0x00000000a0000000,0x00000000a0b852d8,0x00000000a2400000)
 Metaspace       used 20774K, capacity 21190K, committed 21296K, reserved 1067008K
  class space    used 2688K, capacity 2821K, committed 2864K, reserved 1048576K
}
Event: 33.260 GC heap before
{Heap before GC invocations=8 (full 1):
 PSYoungGen      total 74240K, used 65536K [0x00000000e0000000, 0x00000000e5100000, 0x0000000100000000)
  eden space 65536K, 100% used [0x00000000e0000000,0x00000000e4000000,0x00000000e4000000)
  from space 8704K, 0% used [0x00000000e4880000,0x00000000e4880000,0x00000000e5100000)
  to   space 8704K, 0% used [0x00000000e4000000,0x00000000e4000000,0x00000000e4880000)
 ParOldGen       total 36864K, used 11796K [0x00000000a0000000, 0x00000000a2400000, 0x00000000e0000000)
  object space 36864K, 32% used [0x00000000a0000000,0x00000000a0b852d8,0x00000000a2400000)
 Metaspace       used 25940K, capacity 26496K, committed 26800K, reserved 1073152K
  class space    used 3549K, capacity 3708K, committed 3760K, reserved 1048576K
Event: 33.280 GC heap after
Heap after GC invocations=8 (full 1):
 PSYoungGen      total 74240K, used 7733K [0x00000000e0000000, 0x00000000e8700000, 0x0000000100000000)
  eden space 65536K, 0% used [0x00000000e0000000,0x00000000e0000000,0x00000000e4000000)
  from space 8704K, 88% used [0x00000000e4000000,0x00000000e478d620,0x00000000e4880000)
  to   space 9728K, 0% used [0x00000000e7d80000,0x00000000e7d80000,0x00000000e8700000)
 ParOldGen       total 36864K, used 11796K [0x00000000a0000000, 0x00000000a2400000, 0x00000000e0000000)
  object space 36864K, 32% used [0x00000000a0000000,0x00000000a0b852d8,0x00000000a2400000)
 Metaspace       used 25940K, capacity 26496K, committed 26800K, reserved 1073152K
  class space    used 3549K, capacity 3708K, committed 3760K, reserved 1048576K
}
Event: 38.908 GC heap before
{Heap before GC invocations=9 (full 1):
 PSYoungGen      total 74240K, used 73269K [0x00000000e0000000, 0x00000000e8700000, 0x0000000100000000)
  eden space 65536K, 100% used [0x00000000e0000000,0x00000000e4000000,0x00000000e4000000)
  from space 8704K, 88% used [0x00000000e4000000,0x00000000e478d620,0x00000000e4880000)
  to   space 9728K, 0% used [0x00000000e7d80000,0x00000000e7d80000,0x00000000e8700000)
 ParOldGen       total 36864K, used 11796K [0x00000000a0000000, 0x00000000a2400000, 0x00000000e0000000)
  object space 36864K, 32% used [0x00000000a0000000,0x00000000a0b852d8,0x00000000a2400000)
 Metaspace       used 28756K, capacity 29468K, committed 29744K, reserved 1075200K
  class space    used 3912K, capacity 4100K, committed 4144K, reserved 1048576K
Event: 38.925 GC heap after
Heap after GC invocations=9 (full 1):
 PSYoungGen      total 122368K, used 6223K [0x00000000e0000000, 0x00000000e8400000, 0x0000000100000000)
  eden space 115712K, 0% used [0x00000000e0000000,0x00000000e0000000,0x00000000e7100000)
  from space 6656K, 93% used [0x00000000e7d80000,0x00000000e8393e38,0x00000000e8400000)
  to   space 9728K, 0% used [0x00000000e7100000,0x00000000e7100000,0x00000000e7a80000)
 ParOldGen       total 36864K, used 11796K [0x00000000a0000000, 0x00000000a2400000, 0x00000000e0000000)
  object space 36864K, 32% used [0x00000000a0000000,0x00000000a0b852d8,0x00000000a2400000)
 Metaspace       used 28756K, capacity 29468K, committed 29744K, reserved 1075200K
  class space    used 3912K, capacity 4100K, committed 4144K, reserved 1048576K
}
Event: 51.514 GC heap before
{Heap before GC invocations=10 (full 1):
 PSYoungGen      total 122368K, used 110468K [0x00000000e0000000, 0x00000000e8400000, 0x0000000100000000)
  eden space 115712K, 90% used [0x00000000e0000000,0x00000000e65cd2c8,0x00000000e7100000)
  from space 6656K, 93% used [0x00000000e7d80000,0x00000000e8393e38,0x00000000e8400000)
  to   space 9728K, 0% used [0x00000000e7100000,0x00000000e7100000,0x00000000e7a80000)
 ParOldGen       total 36864K, used 11796K [0x00000000a0000000, 0x00000000a2400000, 0x00000000e0000000)
  object space 36864K, 32% used [0x00000000a0000000,0x00000000a0b852d8,0x00000000a2400000)
 Metaspace       used 34493K, capacity 35260K, committed 35496K, reserved 1079296K
  class space    used 4623K, capacity 4817K, committed 4912K, reserved 1048576K
Event: 51.550 GC heap after
Heap after GC invocations=10 (full 1):
 PSYoungGen      total 125440K, used 9722K [0x00000000e0000000, 0x00000000eb900000, 0x0000000100000000)
  eden space 115712K, 0% used [0x00000000e0000000,0x00000000e0000000,0x00000000e7100000)
  from space 9728K, 99% used [0x00000000e7100000,0x00000000e7a7e9e8,0x00000000e7a80000)
  to   space 11776K, 0% used [0x00000000ead80000,0x00000000ead80000,0x00000000eb900000)
 ParOldGen       total 36864K, used 13171K [0x00000000a0000000, 0x00000000a2400000, 0x00000000e0000000)
  object space 36864K, 35% used [0x00000000a0000000,0x00000000a0cdcf68,0x00000000a2400000)
 Metaspace       used 34493K, capacity 35260K, committed 35496K, reserved 1079296K
  class space    used 4623K, capacity 4817K, committed 4912K, reserved 1048576K
}
Event: 51.550 GC heap before
{Heap before GC invocations=11 (full 2):
 PSYoungGen      total 125440K, used 9722K [0x00000000e0000000, 0x00000000eb900000, 0x0000000100000000)
  eden space 115712K, 0% used [0x00000000e0000000,0x00000000e0000000,0x00000000e7100000)
  from space 9728K, 99% used [0x00000000e7100000,0x00000000e7a7e9e8,0x00000000e7a80000)
  to   space 11776K, 0% used [0x00000000ead80000,0x00000000ead80000,0x00000000eb900000)
 ParOldGen       total 36864K, used 13171K [0x00000000a0000000, 0x00000000a2400000, 0x00000000e0000000)
  object space 36864K, 35% used [0x00000000a0000000,0x00000000a0cdcf68,0x00000000a2400000)
 Metaspace       used 34493K, capacity 35260K, committed 35496K, reserved 1079296K
  class space    used 4623K, capacity 4817K, committed 4912K, reserved 1048576K
Event: 51.767 GC heap after
Heap after GC invocations=11 (full 2):
 PSYoungGen      total 125440K, used 0K [0x00000000e0000000, 0x00000000eb900000, 0x0000000100000000)
  eden space 115712K, 0% used [0x00000000e0000000,0x00000000e0000000,0x00000000e7100000)
  from space 9728K, 0% used [0x00000000e7100000,0x00000000e7100000,0x00000000e7a80000)
  to   space 11776K, 0% used [0x00000000ead80000,0x00000000ead80000,0x00000000eb900000)
 ParOldGen       total 36864K, used 18421K [0x00000000a0000000, 0x00000000a2400000, 0x00000000e0000000)
  object space 36864K, 49% used [0x00000000a0000000,0x00000000a11fd7d0,0x00000000a2400000)
 Metaspace       used 34493K, capacity 35260K, committed 35496K, reserved 1079296K
  class space    used 4623K, capacity 4817K, committed 4912K, reserved 1048576K
}

