# JRE version: OpenJDK Runtime Environment (8.0_76-b03) (build 1.8.0_76-release-b03)
# Java VM: OpenJDK 64-Bit Server VM (25.76-b03 mixed mode windows-amd64 compressed oops)
Heap:
 PSYoungGen      total 212480K, used 38813K [0x00000000e0000000, 0x00000000ee380000, 0x0000000100000000)
  eden space 193536K, 10% used [0x00000000e0000000,0x00000000e1416730,0x00000000ebd00000)
  from space 18944K, 96% used [0x00000000ebd00000,0x00000000eced0f60,0x00000000ecf80000)
  to   space 17408K, 0% used [0x00000000ecf80000,0x00000000ecf80000,0x00000000ee080000)
 ParOldGen       total 96768K, used 49848K [0x00000000a0000000, 0x00000000a5e80000, 0x00000000e0000000)
  object space 96768K, 51% used [0x00000000a0000000,0x00000000a30ae138,0x00000000a5e80000)
 Metaspace       used 57011K, capacity 59262K, committed 59440K, reserved 1099776K
  class space    used 7597K, capacity 8200K, committed 8240K, reserved 1048576K
GC Heap History (10 events):
Event: 123.221 GC heap before
{Heap before GC invocations=13 (full 2):
 PSYoungGen      total 152576K, used 152395K [0x00000000e0000000, 0x00000000ea300000, 0x0000000100000000)
  eden space 141312K, 100% used [0x00000000e0000000,0x00000000e8a00000,0x00000000e8a00000)
  from space 11264K, 98% used [0x00000000e9800000,0x00000000ea2d2ef0,0x00000000ea300000)
  to   space 12800K, 0% used [0x00000000e8a00000,0x00000000e8a00000,0x00000000e9680000)
 ParOldGen       total 53760K, used 18532K [0x00000000a0000000, 0x00000000a3480000, 0x00000000e0000000)
  object space 53760K, 34% used [0x00000000a0000000,0x00000000a1219240,0x00000000a3480000)
 Metaspace       used 47735K, capacity 49262K, committed 49328K, reserved 1091584K
  class space    used 6413K, capacity 6773K, committed 6832K, reserved 1048576K
Event: 123.611 GC heap after
Heap after GC invocations=13 (full 2):
 PSYoungGen      total 154112K, used 12768K [0x00000000e0000000, 0x00000000ee080000, 0x0000000100000000)
  eden space 141312K, 0% used [0x00000000e0000000,0x00000000e0000000,0x00000000e8a00000)
  from space 12800K, 99% used [0x00000000e8a00000,0x00000000e9678220,0x00000000e9680000)
  to   space 17408K, 0% used [0x00000000ecf80000,0x00000000ecf80000,0x00000000ee080000)
 ParOldGen       total 53760K, used 25476K [0x00000000a0000000, 0x00000000a3480000, 0x00000000e0000000)
  object space 53760K, 47% used [0x00000000a0000000,0x00000000a18e1170,0x00000000a3480000)
 Metaspace       used 47735K, capacity 49262K, committed 49328K, reserved 1091584K
  class space    used 6413K, capacity 6773K, committed 6832K, reserved 1048576K
}
Event: 133.377 GC heap before
{Heap before GC invocations=14 (full 2):
 PSYoungGen      total 154112K, used 141821K [0x00000000e0000000, 0x00000000ee080000, 0x0000000100000000)
  eden space 141312K, 91% used [0x00000000e0000000,0x00000000e7e07400,0x00000000e8a00000)
  from space 12800K, 99% used [0x00000000e8a00000,0x00000000e9678220,0x00000000e9680000)
  to   space 17408K, 0% used [0x00000000ecf80000,0x00000000ecf80000,0x00000000ee080000)
 ParOldGen       total 53760K, used 25476K [0x00000000a0000000, 0x00000000a3480000, 0x00000000e0000000)
  object space 53760K, 47% used [0x00000000a0000000,0x00000000a18e1170,0x00000000a3480000)
 Metaspace       used 52533K, capacity 54666K, committed 54960K, reserved 1095680K
  class space    used 7180K, capacity 7762K, committed 7856K, reserved 1048576K
Event: 133.537 GC heap after
Heap after GC invocations=14 (full 2):
 PSYoungGen      total 210944K, used 15271K [0x00000000e0000000, 0x00000000ee380000, 0x0000000100000000)
  eden space 193536K, 0% used [0x00000000e0000000,0x00000000e0000000,0x00000000ebd00000)
  from space 17408K, 87% used [0x00000000ecf80000,0x00000000ede69ca8,0x00000000ee080000)
  to   space 18944K, 0% used [0x00000000ebd00000,0x00000000ebd00000,0x00000000ecf80000)
 ParOldGen       total 53760K, used 38259K [0x00000000a0000000, 0x00000000a3480000, 0x00000000e0000000)
  object space 53760K, 71% used [0x00000000a0000000,0x00000000a255cc50,0x00000000a3480000)
 Metaspace       used 52533K, capacity 54666K, committed 54960K, reserved 1095680K
  class space    used 7180K, capacity 7762K, committed 7856K, reserved 1048576K
}
Event: 133.537 GC heap before
{Heap before GC invocations=15 (full 3):
 PSYoungGen      total 210944K, used 15271K [0x00000000e0000000, 0x00000000ee380000, 0x0000000100000000)
  eden space 193536K, 0% used [0x00000000e0000000,0x00000000e0000000,0x00000000ebd00000)
  from space 17408K, 87% used [0x00000000ecf80000,0x00000000ede69ca8,0x00000000ee080000)
  to   space 18944K, 0% used [0x00000000ebd00000,0x00000000ebd00000,0x00000000ecf80000)
 ParOldGen       total 53760K, used 38259K [0x00000000a0000000, 0x00000000a3480000, 0x00000000e0000000)
  object space 53760K, 71% used [0x00000000a0000000,0x00000000a255cc50,0x00000000a3480000)
 Metaspace       used 52533K, capacity 54666K, committed 54960K, reserved 1095680K
  class space    used 7180K, capacity 7762K, committed 7856K, reserved 1048576K
Event: 134.995 GC heap after
Heap after GC invocations=15 (full 3):
 PSYoungGen      total 210944K, used 0K [0x00000000e0000000, 0x00000000ee380000, 0x0000000100000000)
  eden space 193536K, 0% used [0x00000000e0000000,0x00000000e0000000,0x00000000ebd00000)
  from space 17408K, 0% used [0x00000000ecf80000,0x00000000ecf80000,0x00000000ee080000)
  to   space 18944K, 0% used [0x00000000ebd00000,0x00000000ebd00000,0x00000000ecf80000)
 ParOldGen       total 53760K, used 47617K [0x00000000a0000000, 0x00000000a3480000, 0x00000000e0000000)
  object space 53760K, 88% used [0x00000000a0000000,0x00000000a2e80580,0x00000000a3480000)
 Metaspace       used 52533K, capacity 54666K, committed 54960K, reserved 1095680K
  class space    used 7180K, capacity 7762K, committed 7856K, reserved 1048576K
}
Event: 315.760 GC heap before
{Heap before GC invocations=16 (full 4):
 PSYoungGen      total 210944K, used 193536K [0x00000000e0000000, 0x00000000ee380000, 0x0000000100000000)
  eden space 193536K, 100% used [0x00000000e0000000,0x00000000ebd00000,0x00000000ebd00000)
  from space 17408K, 0% used [0x00000000ecf80000,0x00000000ecf80000,0x00000000ee080000)
  to   space 18944K, 0% used [0x00000000ebd00000,0x00000000ebd00000,0x00000000ecf80000)
 ParOldGen       total 53760K, used 47617K [0x00000000a0000000, 0x00000000a3480000, 0x00000000e0000000)
  object space 53760K, 88% used [0x00000000a0000000,0x00000000a2e80580,0x00000000a3480000)
 Metaspace       used 55586K, capacity 57844K, committed 58032K, reserved 1099776K
  class space    used 7485K, capacity 8097K, committed 8112K, reserved 1048576K
Event: 316.366 GC heap after
Heap after GC invocations=16 (full 4):
 PSYoungGen      total 210944K, used 0K [0x00000000e0000000, 0x00000000ee380000, 0x0000000100000000)
  eden space 193536K, 0% used [0x00000000e0000000,0x00000000e0000000,0x00000000ebd00000)
  from space 17408K, 0% used [0x00000000ecf80000,0x00000000ecf80000,0x00000000ee080000)
  to   space 18944K, 0% used [0x00000000ebd00000,0x00000000ebd00000,0x00000000ecf80000)
 ParOldGen       total 96768K, used 49840K [0x00000000a0000000, 0x00000000a5e80000, 0x00000000e0000000)
  object space 96768K, 51% used [0x00000000a0000000,0x00000000a30ac138,0x00000000a5e80000)
 Metaspace       used 55586K, capacity 57844K, committed 58032K, reserved 1099776K
  class space    used 7485K, capacity 8097K, committed 8112K, reserved 1048576K
}
Event: 411.646 GC heap before
{Heap before GC invocations=17 (full 4):
 PSYoungGen      total 210944K, used 193536K [0x00000000e0000000, 0x00000000ee380000, 0x0000000100000000)
  eden space 193536K, 100% used [0x00000000e0000000,0x00000000ebd00000,0x00000000ebd00000)
  from space 17408K, 0% used [0x00000000ecf80000,0x00000000ecf80000,0x00000000ee080000)
  to   space 18944K, 0% used [0x00000000ebd00000,0x00000000ebd00000,0x00000000ecf80000)
 ParOldGen       total 96768K, used 49840K [0x00000000a0000000, 0x00000000a5e80000, 0x00000000e0000000)
  object space 96768K, 51% used [0x00000000a0000000,0x00000000a30ac138,0x00000000a5e80000)
 Metaspace       used 57003K, capacity 59262K, committed 59440K, reserved 1099776K
  class space    used 7597K, capacity 8200K, committed 8240K, reserved 1048576K
Event: 412.537 GC heap after
Heap after GC invocations=17 (full 4):
 PSYoungGen      total 212480K, used 18243K [0x00000000e0000000, 0x00000000ee380000, 0x0000000100000000)
  eden space 193536K, 0% used [0x00000000e0000000,0x00000000e0000000,0x00000000ebd00000)
  from space 18944K, 96% used [0x00000000ebd00000,0x00000000eced0f60,0x00000000ecf80000)
  to   space 17408K, 0% used [0x00000000ecf80000,0x00000000ecf80000,0x00000000ee080000)
 ParOldGen       total 96768K, used 49848K [0x00000000a0000000, 0x00000000a5e80000, 0x00000000e0000000)
  object space 96768K, 51% used [0x00000000a0000000,0x00000000a30ae138,0x00000000a5e80000)
 Metaspace       used 57003K, capacity 59262K, committed 59440K, reserved 1099776K
  class space    used 7597K, capacity 8200K, committed 8240K, reserved 1048576K
}

